nohup: ignoring input
Starting Gist Uploader...
Gist ID: b1b33a08a6369fdbe27e5cd7ac6bbb43
Monitoring hosts: zxcpu1, zxcpu2, zxcpu3, zxcpu4, zxcpu5
Interval: 10s
[2026-01-29 12:57:02] Updated Gist with 5 hosts
[2026-01-29 12:57:13] Updated Gist with 5 hosts
[2026-01-29 12:57:24] Updated Gist with 5 hosts
[2026-01-29 12:57:35] Updated Gist with 5 hosts
[2026-01-29 12:57:46] Updated Gist with 5 hosts
[2026-01-29 12:57:57] Updated Gist with 5 hosts
[2026-01-29 12:58:08] Updated Gist with 5 hosts
[2026-01-29 12:58:19] Updated Gist with 5 hosts
[2026-01-29 12:58:30] Updated Gist with 5 hosts
[2026-01-29 12:58:41] Updated Gist with 5 hosts
[2026-01-29 12:58:52] Updated Gist with 5 hosts
[2026-01-29 12:59:03] Updated Gist with 5 hosts
[2026-01-29 12:59:14] Updated Gist with 5 hosts
[2026-01-29 12:59:25] Updated Gist with 5 hosts
[2026-01-29 12:59:36] Updated Gist with 5 hosts
[2026-01-29 12:59:47] Updated Gist with 5 hosts
[2026-01-29 12:59:58] Updated Gist with 5 hosts
[2026-01-29 13:00:09] Updated Gist with 5 hosts
[2026-01-29 13:00:20] Updated Gist with 5 hosts
[2026-01-29 13:00:31] Updated Gist with 5 hosts
[2026-01-29 13:00:42] Updated Gist with 5 hosts
[2026-01-29 13:00:53] Updated Gist with 5 hosts
[2026-01-29 13:01:04] Updated Gist with 5 hosts
[2026-01-29 13:01:15] Updated Gist with 5 hosts
[2026-01-29 13:01:26] Updated Gist with 5 hosts
[2026-01-29 13:01:37] Updated Gist with 5 hosts
[2026-01-29 13:01:48] Updated Gist with 5 hosts
[2026-01-29 13:01:59] Updated Gist with 5 hosts
[2026-01-29 13:02:10] Updated Gist with 5 hosts
[2026-01-29 13:02:21] Updated Gist with 5 hosts
[2026-01-29 13:02:32] Updated Gist with 5 hosts
[2026-01-29 13:02:43] Updated Gist with 5 hosts
[2026-01-29 13:02:55] Updated Gist with 5 hosts
[2026-01-29 13:03:06] Updated Gist with 5 hosts
[2026-01-29 13:03:17] Updated Gist with 5 hosts
[2026-01-29 13:03:28] Updated Gist with 5 hosts
[2026-01-29 13:03:38] Updated Gist with 5 hosts
[2026-01-29 13:03:50] Updated Gist with 5 hosts
[2026-01-29 13:04:01] Updated Gist with 5 hosts
[2026-01-29 13:04:12] Updated Gist with 5 hosts
[2026-01-29 13:04:23] Updated Gist with 5 hosts
[2026-01-29 13:04:34] Updated Gist with 5 hosts
[2026-01-29 13:04:45] Updated Gist with 5 hosts
[2026-01-29 13:04:56] Updated Gist with 5 hosts
[2026-01-29 13:05:07] Updated Gist with 5 hosts
[2026-01-29 13:05:18] Updated Gist with 5 hosts
[2026-01-29 13:05:29] Updated Gist with 5 hosts
[2026-01-29 13:05:40] Updated Gist with 5 hosts
[2026-01-29 13:05:51] Updated Gist with 5 hosts
[2026-01-29 13:06:02] Updated Gist with 5 hosts
[2026-01-29 13:06:13] Updated Gist with 5 hosts
[2026-01-29 13:06:24] Updated Gist with 5 hosts
[2026-01-29 13:06:35] Updated Gist with 5 hosts
[2026-01-29 13:06:46] Updated Gist with 5 hosts
[2026-01-29 13:06:57] Updated Gist with 5 hosts
[2026-01-29 13:07:08] Updated Gist with 5 hosts
[2026-01-29 13:07:19] Updated Gist with 5 hosts
[2026-01-29 13:07:30] Updated Gist with 5 hosts
[2026-01-29 13:07:41] Updated Gist with 5 hosts
[2026-01-29 13:07:52] Updated Gist with 5 hosts
[2026-01-29 13:08:03] Updated Gist with 5 hosts
[2026-01-29 13:08:14] Updated Gist with 5 hosts
[2026-01-29 13:08:25] Updated Gist with 5 hosts
[2026-01-29 13:08:36] Updated Gist with 5 hosts
[2026-01-29 13:08:47] Updated Gist with 5 hosts
[2026-01-29 13:08:58] Updated Gist with 5 hosts
[2026-01-29 13:09:09] Updated Gist with 5 hosts
[2026-01-29 13:09:20] Updated Gist with 5 hosts
[2026-01-29 13:09:31] Updated Gist with 5 hosts
[2026-01-29 13:09:42] Updated Gist with 5 hosts
[2026-01-29 13:09:54] Updated Gist with 5 hosts
[2026-01-29 13:10:05] Updated Gist with 5 hosts
[2026-01-29 13:10:16] Updated Gist with 5 hosts
[2026-01-29 13:10:27] Updated Gist with 5 hosts
[2026-01-29 13:10:37] Updated Gist with 5 hosts
[2026-01-29 13:10:48] Updated Gist with 5 hosts
[2026-01-29 13:10:59] Updated Gist with 5 hosts
[2026-01-29 13:11:11] Updated Gist with 5 hosts
[2026-01-29 13:11:22] Updated Gist with 5 hosts
[2026-01-29 13:11:33] Updated Gist with 5 hosts
[2026-01-29 13:11:44] Updated Gist with 5 hosts
[2026-01-29 13:11:55] Updated Gist with 5 hosts
[2026-01-29 13:12:06] Updated Gist with 5 hosts
[2026-01-29 13:12:17] Updated Gist with 5 hosts
[2026-01-29 13:12:28] Updated Gist with 5 hosts
[2026-01-29 13:12:39] Updated Gist with 5 hosts
[2026-01-29 13:12:50] Updated Gist with 5 hosts
[2026-01-29 13:13:01] Updated Gist with 5 hosts
[2026-01-29 13:13:12] Updated Gist with 5 hosts
[2026-01-29 13:13:23] Updated Gist with 5 hosts
[2026-01-29 13:13:34] Updated Gist with 5 hosts
[2026-01-29 13:13:45] Updated Gist with 5 hosts
[2026-01-29 13:13:56] Updated Gist with 5 hosts
[2026-01-29 13:14:07] Updated Gist with 5 hosts
[2026-01-29 13:14:18] Updated Gist with 5 hosts
[2026-01-29 13:14:29] Updated Gist with 5 hosts
[2026-01-29 13:14:40] Updated Gist with 5 hosts
[2026-01-29 13:14:52] Updated Gist with 5 hosts
Gist update failed: 403 - {"message":"API rate limit exceeded for user ID 108796659. If you reach out to GitHub Support for help, please include the request ID 8350:13CB0B:59910C:6A946B:697AECD7 and timestamp 2026-01-29 05:15:
Gist update failed: 403 - {"message":"API rate limit exceeded for user ID 108796659. If you reach out to GitHub Support for help, please include the request ID A664:3DCF20:5B86B7:6C8DBB:697AECE2 and timestamp 2026-01-29 05:15:
Gist update failed: 403 - {"message":"API rate limit exceeded for user ID 108796659. If you reach out to GitHub Support for help, please include the request ID DBDC:291872:58244D:6926E6:697AECEC and timestamp 2026-01-29 05:15:
Gist update failed: 403 - {"message":"API rate limit exceeded for user ID 108796659. If you reach out to GitHub Support for help, please include the request ID D252:2CCEAB:58B7DF:69BE4A:697AECF7 and timestamp 2026-01-29 05:15:
Gist update failed: 403 - {"message":"API rate limit exceeded for user ID 108796659. If you reach out to GitHub Support for help, please include the request ID CC8C:2C5A0C:5BA756:6CB0B9:697AED01 and timestamp 2026-01-29 05:15:
Gist update failed: 403 - {"message":"API rate limit exceeded for user ID 108796659. If you reach out to GitHub Support for help, please include the request ID 9FAA:E57EA:59A9FA:6AB0AB:697AED0B and timestamp 2026-01-29 05:15:5
Gist update failed: 403 - {"message":"API rate limit exceeded for user ID 108796659. If you reach out to GitHub Support for help, please include the request ID B9CA:302B2C:5A7935:6B7DE8:697AED16 and timestamp 2026-01-29 05:16:
Gist update failed: 403 - {"message":"API rate limit exceeded for user ID 108796659. If you reach out to GitHub Support for help, please include the request ID A51A:3036E7:5B9FC8:6CAB69:697AED20 and timestamp 2026-01-29 05:16:
Gist update failed: 403 - {"message":"API rate limit exceeded for user ID 108796659. If you reach out to GitHub Support for help, please include the request ID D27E:32C08D:59BDE9:6ACB54:697AED2B and timestamp 2026-01-29 05:16:
Gist update failed: 403 - {"message":"API rate limit exceeded for user ID 108796659. If you reach out to GitHub Support for help, please include the request ID 9294:36309D:5E6D5C:6F82C1:697AED36 and timestamp 2026-01-29 05:16:
Gist update failed: 403 - {"message":"API rate limit exceeded for user ID 108796659. If you reach out to GitHub Support for help, please include the request ID AB48:315E65:5B0B99:6C1EA0:697AED40 and timestamp 2026-01-29 05:16:
Gist update failed: 403 - {"message":"API rate limit exceeded for user ID 108796659. If you reach out to GitHub Support for help, please include the request ID 8C9E:103738:5975B3:6A7F93:697AED4B and timestamp 2026-01-29 05:16:
Gist update failed: 403 - {"message":"API rate limit exceeded for user ID 108796659. If you reach out to GitHub Support for help, please include the request ID 8A80:330B14:59A46D:6AB790:697AED55 and timestamp 2026-01-29 05:17:
Gist update failed: 403 - {"message":"API rate limit exceeded for user ID 108796659. If you reach out to GitHub Support for help, please include the request ID C2A8:2C5A0C:5BF302:6D0704:697AED60 and timestamp 2026-01-29 05:17:
Gist update failed: 403 - {"message":"API rate limit exceeded for user ID 108796659. If you reach out to GitHub Support for help, please include the request ID CFB8:36CF75:5A9078:6BA31B:697AED6A and timestamp 2026-01-29 05:17:
Gist update failed: 403 - {"message":"API rate limit exceeded for user ID 108796659. If you reach out to GitHub Support for help, please include the request ID 88A4:91C9E:5CE0F0:6DFA13:697AED75 and timestamp 2026-01-29 05:17:4
Gist update failed: 403 - {"message":"API rate limit exceeded for user ID 108796659. If you reach out to GitHub Support for help, please include the request ID 8DB8:2D1B1:5BC7B2:6CDC9C:697AED7F and timestamp 2026-01-29 05:17:5
Gist update failed: 403 - {"message":"API rate limit exceeded for user ID 108796659. If you reach out to GitHub Support for help, please include the request ID AA62:270EF:5A2942:6B3F46:697AED8A and timestamp 2026-01-29 05:18:0
Gist update failed: 403 - {"message":"API rate limit exceeded for user ID 108796659. If you reach out to GitHub Support for help, please include the request ID AC10:2EDBE6:591FFA:6A3264:697AED94 and timestamp 2026-01-29 05:18:
Gist update failed: 403 - {"message":"API rate limit exceeded for user ID 108796659. If you reach out to GitHub Support for help, please include the request ID 8E54:35EABC:5A8B9D:6BA332:697AED9F and timestamp 2026-01-29 05:18:
Gist update failed: 403 - {"message":"API rate limit exceeded for user ID 108796659. If you reach out to GitHub Support for help, please include the request ID B76E:399B85:598A12:6AA54D:697AEDA9 and timestamp 2026-01-29 05:18:
Gist update failed: 403 - {"message":"API rate limit exceeded for user ID 108796659. If you reach out to GitHub Support for help, please include the request ID BC0A:3782B2:5A6883:6B861E:697AEDB3 and timestamp 2026-01-29 05:18:
Gist update failed: 403 - {"message":"API rate limit exceeded for user ID 108796659. If you reach out to GitHub Support for help, please include the request ID 902A:9FCD2:587E86:699C01:697AEDBE and timestamp 2026-01-29 05:18:5
Gist update failed: 403 - {"message":"API rate limit exceeded for user ID 108796659. If you reach out to GitHub Support for help, please include the request ID CAEA:2CCEAB:595B00:6A7911:697AEDC9 and timestamp 2026-01-29 05:19:
Gist update failed: 403 - {"message":"API rate limit exceeded for user ID 108796659. If you reach out to GitHub Support for help, please include the request ID 8EBA:2CCEAB:5962FE:6A8214:697AEDD3 and timestamp 2026-01-29 05:19:
Gist update failed: 403 - {"message":"API rate limit exceeded for user ID 108796659. If you reach out to GitHub Support for help, please include the request ID 88F4:2C5A0C:5C5953:6D7B5D:697AEDDE and timestamp 2026-01-29 05:19:
Gist update failed: 403 - {"message":"API rate limit exceeded for user ID 108796659. If you reach out to GitHub Support for help, please include the request ID AB34:291872:58DB12:69F9C5:697AEDE8 and timestamp 2026-01-29 05:19:
Gist update failed: 403 - {"message":"API rate limit exceeded for user ID 108796659. If you reach out to GitHub Support for help, please include the request ID CDE8:399B85:59C524:6AE8C6:697AEDF3 and timestamp 2026-01-29 05:19:
Gist update failed: 403 - {"message":"API rate limit exceeded for user ID 108796659. If you reach out to GitHub Support for help, please include the request ID B1E0:399B85:59CDBA:6AF2AC:697AEDFD and timestamp 2026-01-29 05:19:
Gist update failed: 403 - {"message":"API rate limit exceeded for user ID 108796659. If you reach out to GitHub Support for help, please include the request ID 97B4:F4002:60B41E:726250:697AEE08 and timestamp 2026-01-29 05:20:0
Gist update failed: 403 - {"message":"API rate limit exceeded for user ID 108796659. If you reach out to GitHub Support for help, please include the request ID 893E:A746E:5CB565:6DDBF0:697AEE12 and timestamp 2026-01-29 05:20:1
Gist update failed: 403 - {"message":"API rate limit exceeded for user ID 108796659. If you reach out to GitHub Support for help, please include the request ID C4C6:270EF:5A957A:6BBBE8:697AEE1D and timestamp 2026-01-29 05:20:2
Gist update failed: 403 - {"message":"API rate limit exceeded for user ID 108796659. If you reach out to GitHub Support for help, please include the request ID C310:2D6BB2:5ADBC8:6C0842:697AEE27 and timestamp 2026-01-29 05:20:
Gist update failed: 403 - {"message":"API rate limit exceeded for user ID 108796659. If you reach out to GitHub Support for help, please include the request ID A2D0:30D597:5BA465:6CD403:697AEE31 and timestamp 2026-01-29 05:20:
Gist update failed: 403 - {"message":"API rate limit exceeded for user ID 108796659. If you reach out to GitHub Support for help, please include the request ID 994A:7AEAD:5B5948:6C8482:697AEE3C and timestamp 2026-01-29 05:21:0
Gist update failed: 403 - {"message":"API rate limit exceeded for user ID 108796659. If you reach out to GitHub Support for help, please include the request ID BB3C:2D6BB2:5AF570:6C255F:697AEE46 and timestamp 2026-01-29 05:21:
Gist update failed: 403 - {"message":"API rate limit exceeded for user ID 108796659. If you reach out to GitHub Support for help, please include the request ID 9FDC:2D1B1:5C6DAB:6D9A14:697AEE51 and timestamp 2026-01-29 05:21:2
Gist update failed: 403 - {"message":"API rate limit exceeded for user ID 108796659. If you reach out to GitHub Support for help, please include the request ID D202:330B14:5A63B8:6B942C:697AEE5B and timestamp 2026-01-29 05:21:
Gist update failed: 403 - {"message":"API rate limit exceeded for user ID 108796659. If you reach out to GitHub Support for help, please include the request ID 9170:E57EA:5AB3F4:6BE16F:697AEE65 and timestamp 2026-01-29 05:21:4
Gist update failed: 403 - {"message":"API rate limit exceeded for user ID 108796659. If you reach out to GitHub Support for help, please include the request ID C454:35EABC:5B2A63:6C596B:697AEE70 and timestamp 2026-01-29 05:21:
Gist update failed: 403 - {"message":"API rate limit exceeded for user ID 108796659. If you reach out to GitHub Support for help, please include the request ID E112:315E65:5C03B1:6D39F0:697AEE7A and timestamp 2026-01-29 05:22:
Gist update failed: 403 - {"message":"API rate limit exceeded for user ID 108796659. If you reach out to GitHub Support for help, please include the request ID CED4:2CCEAB:59E97A:6B1CC3:697AEE84 and timestamp 2026-01-29 05:22:
Gist update failed: 403 - {"message":"API rate limit exceeded for user ID 108796659. If you reach out to GitHub Support for help, please include the request ID E4B0:BBA1D:5CA15E:6DD613:697AEE8F and timestamp 2026-01-29 05:22:2
Gist update failed: 403 - {"message":"API rate limit exceeded for user ID 108796659. If you reach out to GitHub Support for help, please include the request ID 912E:E15CE:5D20B0:6E58AD:697AEE9A and timestamp 2026-01-29 05:22:3
Gist update failed: 403 - {"message":"API rate limit exceeded for user ID 108796659. If you reach out to GitHub Support for help, please include the request ID 9ED4:35EABC:5B522B:6C8735:697AEEA4 and timestamp 2026-01-29 05:22:
Gist update failed: 403 - {"message":"API rate limit exceeded for user ID 108796659. If you reach out to GitHub Support for help, please include the request ID E576:E9C9A:5C3AC7:6D75C1:697AEEAE and timestamp 2026-01-29 05:22:5
Gist update failed: 403 - {"message":"API rate limit exceeded for user ID 108796659. If you reach out to GitHub Support for help, please include the request ID BED6:2EDBE6:59FD33:6B307A:697AEEB9 and timestamp 2026-01-29 05:23:
Gist update failed: 403 - {"message":"API rate limit exceeded for user ID 108796659. If you reach out to GitHub Support for help, please include the request ID CD22:E9C9A:5C4ED6:6D8C31:697AEEC3 and timestamp 2026-01-29 05:23:1
Gist update failed: 403 - {"message":"API rate limit exceeded for user ID 108796659. If you reach out to GitHub Support for help, please include the request ID D50E:7AEAD:5BC5C7:6D0166:697AEECD and timestamp 2026-01-29 05:23:2
Gist update failed: 403 - {"message":"API rate limit exceeded for user ID 108796659. If you reach out to GitHub Support for help, please include the request ID DB42:392816:621ECC:735DC7:697AEED8 and timestamp 2026-01-29 05:23:
Gist update failed: 403 - {"message":"API rate limit exceeded for user ID 108796659. If you reach out to GitHub Support for help, please include the request ID C0B2:30D597:5C2AF0:6D6E22:697AEEE2 and timestamp 2026-01-29 05:23:
Gist update failed: 403 - {"message":"API rate limit exceeded for user ID 108796659. If you reach out to GitHub Support for help, please include the request ID E6CA:3C8CF0:5BA384:6CE8F9:697AEEED and timestamp 2026-01-29 05:23:
Gist update failed: 403 - {"message":"API rate limit exceeded for user ID 108796659. If you reach out to GitHub Support for help, please include the request ID 9530:D0F72:5C6CC3:6DA7D8:697AEEF7 and timestamp 2026-01-29 05:24:0
Gist update failed: 403 - {"message":"API rate limit exceeded for user ID 108796659. If you reach out to GitHub Support for help, please include the request ID 972E:424C:6077F3:71BE7A:697AEF02 and timestamp 2026-01-29 05:24:18
Gist update failed: 403 - {"message":"API rate limit exceeded for user ID 108796659. If you reach out to GitHub Support for help, please include the request ID D832:330B14:5AE83C:6C2CA0:697AEF0C and timestamp 2026-01-29 05:24:
Gist update failed: 403 - {"message":"API rate limit exceeded for user ID 108796659. If you reach out to GitHub Support for help, please include the request ID C418:2CCEAB:5A515A:6B94E7:697AEF16 and timestamp 2026-01-29 05:24:
Gist update failed: 403 - {"message":"API rate limit exceeded for user ID 108796659. If you reach out to GitHub Support for help, please include the request ID C71E:13CB0B:5B5977:6C9E6D:697AEF21 and timestamp 2026-01-29 05:24:
Gist update failed: 403 - {"message":"API rate limit exceeded for user ID 108796659. If you reach out to GitHub Support for help, please include the request ID BB6A:E9C9A:5CA555:6DEEA6:697AEF2B and timestamp 2026-01-29 05:24:5
Gist update failed: 403 - {"message":"API rate limit exceeded for user ID 108796659. If you reach out to GitHub Support for help, please include the request ID 8B18:A746E:5D9D4D:6EE48C:697AEF36 and timestamp 2026-01-29 05:25:1
Gist update failed: 403 - {"message":"API rate limit exceeded for user ID 108796659. If you reach out to GitHub Support for help, please include the request ID A3DE:F4002:61A90E:7379ED:697AEF40 and timestamp 2026-01-29 05:25:2
Gist update failed: 403 - {"message":"API rate limit exceeded for user ID 108796659. If you reach out to GitHub Support for help, please include the request ID C39A:F4002:61B1B4:7383A5:697AEF4A and timestamp 2026-01-29 05:25:3
Gist update failed: 403 - {"message":"API rate limit exceeded for user ID 108796659. If you reach out to GitHub Support for help, please include the request ID 9E56:103738:5AFFB4:6C4402:697AEF55 and timestamp 2026-01-29 05:25:
Gist update failed: 403 - {"message":"API rate limit exceeded for user ID 108796659. If you reach out to GitHub Support for help, please include the request ID A5DE:105602:5D3B9B:6E885E:697AEF5F and timestamp 2026-01-29 05:25:
Gist update failed: 403 - {"message":"API rate limit exceeded for user ID 108796659. If you reach out to GitHub Support for help, please include the request ID EDE0:3036E7:5D66AE:6EB3DA:697AEF69 and timestamp 2026-01-29 05:26:
Gist update failed: 403 - {"message":"API rate limit exceeded for user ID 108796659. If you reach out to GitHub Support for help, please include the request ID CB04:315E65:5CC1B5:6E1434:697AEF74 and timestamp 2026-01-29 05:26:
Gist update failed: 403 - {"message":"API rate limit exceeded for user ID 108796659. If you reach out to GitHub Support for help, please include the request ID C108:42EC9:5ACA8A:6C1B74:697AEF7E and timestamp 2026-01-29 05:26:2
Gist update failed: 403 - {"message":"API rate limit exceeded for user ID 108796659. If you reach out to GitHub Support for help, please include the request ID C790:3352D3:5CAF4D:6DFF00:697AEF89 and timestamp 2026-01-29 05:26:
Gist update failed: 403 - {"message":"API rate limit exceeded for user ID 108796659. If you reach out to GitHub Support for help, please include the request ID C22E:36309D:6049AA:71A31A:697AEF93 and timestamp 2026-01-29 05:26:
Gist update failed: 403 - {"message":"API rate limit exceeded for user ID 108796659. If you reach out to GitHub Support for help, please include the request ID 9F7E:392816:62C18A:741691:697AEF9D and timestamp 2026-01-29 05:26:
Gist update failed: 403 - {"message":"API rate limit exceeded for user ID 108796659. If you reach out to GitHub Support for help, please include the request ID 8088:1F2BC:5C830C:6DD5B7:697AEFA8 and timestamp 2026-01-29 05:27:0
Gist update failed: 403 - {"message":"API rate limit exceeded for user ID 108796659. If you reach out to GitHub Support for help, please include the request ID D434:1F2BC:5C8AD9:6DDED8:697AEFB2 and timestamp 2026-01-29 05:27:1
Gist update failed: 403 - {"message":"API rate limit exceeded for user ID 108796659. If you reach out to GitHub Support for help, please include the request ID 8E80:3782B2:5BECE9:6D4507:697AEFBC and timestamp 2026-01-29 05:27:
Gist update failed: 403 - {"message":"API rate limit exceeded for user ID 108796659. If you reach out to GitHub Support for help, please include the request ID B342:7AEAD:5C8625:6DDDD3:697AEFC7 and timestamp 2026-01-29 05:27:3
Gist update failed: 403 - {"message":"API rate limit exceeded for user ID 108796659. If you reach out to GitHub Support for help, please include the request ID 9584:E15CE:5E1581:6F7095:697AEFD2 and timestamp 2026-01-29 05:27:4
Gist update failed: 403 - {"message":"API rate limit exceeded for user ID 108796659. If you reach out to GitHub Support for help, please include the request ID AC46:2EDBE6:5ACC1E:6C1FED:697AEFDC and timestamp 2026-01-29 05:27:
Gist update failed: 403 - {"message":"API rate limit exceeded for user ID 108796659. If you reach out to GitHub Support for help, please include the request ID D18C:291872:5A536A:6BAB51:697AEFE6 and timestamp 2026-01-29 05:28:
Gist update failed: 403 - {"message":"API rate limit exceeded for user ID 108796659. If you reach out to GitHub Support for help, please include the request ID A49A:1F2BC:5CBAE4:6E15A8:697AEFF1 and timestamp 2026-01-29 05:28:1
Gist update failed: 403 - {"message":"API rate limit exceeded for user ID 108796659. If you reach out to GitHub Support for help, please include the request ID 8E48:33FF5:5C3377:6D8E83:697AEFFB and timestamp 2026-01-29 05:28:2
Gist update failed: 403 - {"message":"API rate limit exceeded for user ID 108796659. If you reach out to GitHub Support for help, please include the request ID AAC8:35EABC:5C5986:6DB60B:697AF006 and timestamp 2026-01-29 05:28:
Gist update failed: 403 - {"message":"API rate limit exceeded for user ID 108796659. If you reach out to GitHub Support for help, please include the request ID E466:36309D:60B077:7217F7:697AF010 and timestamp 2026-01-29 05:28:
Gist update failed: 403 - {"message":"API rate limit exceeded for user ID 108796659. If you reach out to GitHub Support for help, please include the request ID 808A:3437FE:620447:7368AF:697AF01B and timestamp 2026-01-29 05:28:
Gist update failed: 403 - {"message":"API rate limit exceeded for user ID 108796659. If you reach out to GitHub Support for help, please include the request ID EBF6:36CF75:5C9E08:6DFF2D:697AF025 and timestamp 2026-01-29 05:29:
Gist update failed: 403 - {"message":"API rate limit exceeded for user ID 108796659. If you reach out to GitHub Support for help, please include the request ID AA60:3437FE:62152D:737BE0:697AF030 and timestamp 2026-01-29 05:29:
Gist update failed: 403 - {"message":"API rate limit exceeded for user ID 108796659. If you reach out to GitHub Support for help, please include the request ID DE92:2EDBE6:5B134D:6C7189:697AF03A and timestamp 2026-01-29 05:29:
Gist update failed: 403 - {"message":"API rate limit exceeded for user ID 108796659. If you reach out to GitHub Support for help, please include the request ID E3BE:EAAB:5BEB44:6D4A1E:697AF044 and timestamp 2026-01-29 05:29:40
Gist update failed: 403 - {"message":"API rate limit exceeded for user ID 108796659. If you reach out to GitHub Support for help, please include the request ID C4A8:3F6C5C:5BB7F4:6D2487:697AF04F and timestamp 2026-01-29 05:29:
Gist update failed: 403 - {"message":"API rate limit exceeded for user ID 108796659. If you reach out to GitHub Support for help, please include the request ID AD38:2D6BB2:5C925D:6DFDD1:697AF059 and timestamp 2026-01-29 05:30:
Gist update failed: 403 - {"message":"API rate limit exceeded for user ID 108796659. If you reach out to GitHub Support for help, please include the request ID BC48:BBA1D:5E0256:6F6B98:697AF063 and timestamp 2026-01-29 05:30:1
Gist update failed: 403 - {"message":"API rate limit exceeded for user ID 108796659. If you reach out to GitHub Support for help, please include the request ID C076:28404C:5D5ADE:6EC62E:697AF06E and timestamp 2026-01-29 05:30:
Gist update failed: 403 - {"message":"API rate limit exceeded for user ID 108796659. If you reach out to GitHub Support for help, please include the request ID 8996:424C:61AB1D:731B5B:697AF078 and timestamp 2026-01-29 05:30:32
Gist update failed: 403 - {"message":"API rate limit exceeded for user ID 108796659. If you reach out to GitHub Support for help, please include the request ID EBAE:2D6BB2:5CB321:6E232D:697AF083 and timestamp 2026-01-29 05:30:
Gist update failed: 403 - {"message":"API rate limit exceeded for user ID 108796659. If you reach out to GitHub Support for help, please include the request ID 9698:3437FE:62601E:73D135:697AF08D and timestamp 2026-01-29 05:30:
Gist update failed: 403 - {"message":"API rate limit exceeded for user ID 108796659. If you reach out to GitHub Support for help, please include the request ID D9E0:315E65:5DAC2F:6F1F2A:697AF097 and timestamp 2026-01-29 05:31:
Gist update failed: 403 - {"message":"API rate limit exceeded for user ID 108796659. If you reach out to GitHub Support for help, please include the request ID A94A:302B2C:5D3438:6E9E6F:697AF0A2 and timestamp 2026-01-29 05:31:
Gist update failed: 403 - {"message":"API rate limit exceeded for user ID 108796659. If you reach out to GitHub Support for help, please include the request ID 81BE:2D6BB2:5CD1E0:6E4699:697AF0AC and timestamp 2026-01-29 05:31:
Gist update failed: 403 - {"message":"API rate limit exceeded for user ID 108796659. If you reach out to GitHub Support for help, please include the request ID E83C:28404C:5D9228:6F0599:697AF0B6 and timestamp 2026-01-29 05:31:
Gist update failed: 403 - {"message":"API rate limit exceeded for user ID 108796659. If you reach out to GitHub Support for help, please include the request ID 9E0C:2EDBE6:5B787A:6CE59A:697AF0C1 and timestamp 2026-01-29 05:31:
Gist update failed: 403 - {"message":"API rate limit exceeded for user ID 108796659. If you reach out to GitHub Support for help, please include the request ID 9624:9FCD2:5AC893:6C3DD1:697AF0CB and timestamp 2026-01-29 05:31:5
Gist update failed: 403 - {"message":"API rate limit exceeded for user ID 108796659. If you reach out to GitHub Support for help, please include the request ID 81C8:E57EA:5C8C32:6DFF91:697AF0D6 and timestamp 2026-01-29 05:32:0
Gist update failed: 403 - {"message":"API rate limit exceeded for user ID 108796659. If you reach out to GitHub Support for help, please include the request ID BE02:91C9E:5F6E2B:70E93D:697AF0E1 and timestamp 2026-01-29 05:32:1
Gist update failed: 403 - {"message":"API rate limit exceeded for user ID 108796659. If you reach out to GitHub Support for help, please include the request ID 8BB6:392816:63D641:7550B4:697AF0EC and timestamp 2026-01-29 05:32:
Gist update failed: 403 - {"message":"API rate limit exceeded for user ID 108796659. If you reach out to GitHub Support for help, please include the request ID AE46:35EABC:5D0F79:6E86A6:697AF0F6 and timestamp 2026-01-29 05:32:
Gist update failed: 403 - {"message":"API rate limit exceeded for user ID 108796659. If you reach out to GitHub Support for help, please include the request ID 9EB0:30D597:5DD9F9:6F596A:697AF100 and timestamp 2026-01-29 05:32:
Gist update failed: 403 - {"message":"API rate limit exceeded for user ID 108796659. If you reach out to GitHub Support for help, please include the request ID AA12:3B2F6A:5D467C:6EC0B6:697AF10B and timestamp 2026-01-29 05:32:
Gist update failed: 403 - {"message":"API rate limit exceeded for user ID 108796659. If you reach out to GitHub Support for help, please include the request ID AAEE:32C08D:5CB905:6E3685:697AF115 and timestamp 2026-01-29 05:33:
Gist update failed: 403 - {"message":"API rate limit exceeded for user ID 108796659. If you reach out to GitHub Support for help, please include the request ID CC36:351BA5:5D17F8:6E923E:697AF11F and timestamp 2026-01-29 05:33:
Gist update failed: 403 - {"message":"API rate limit exceeded for user ID 108796659. If you reach out to GitHub Support for help, please include the request ID C10E:105602:5E9806:7017B1:697AF12A and timestamp 2026-01-29 05:33:
Gist update failed: 403 - {"message":"API rate limit exceeded for user ID 108796659. If you reach out to GitHub Support for help, please include the request ID E44C:270EF:5CC8E4:6E4787:697AF134 and timestamp 2026-01-29 05:33:4
Gist update failed: 403 - {"message":"API rate limit exceeded for user ID 108796659. If you reach out to GitHub Support for help, please include the request ID D9BE:E15CE:5F30CE:70B44C:697AF13F and timestamp 2026-01-29 05:33:5
Gist update failed: 403 - {"message":"API rate limit exceeded for user ID 108796659. If you reach out to GitHub Support for help, please include the request ID A7EE:105602:5EAFAF:7032DA:697AF149 and timestamp 2026-01-29 05:34:
Gist update failed: 403 - {"message":"API rate limit exceeded for user ID 108796659. If you reach out to GitHub Support for help, please include the request ID 8E2A:28404C:5E10CA:6F95B5:697AF154 and timestamp 2026-01-29 05:34:
Gist update failed: 403 - {"message":"API rate limit exceeded for user ID 108796659. If you reach out to GitHub Support for help, please include the request ID CA08:32C08D:5CF281:6E7816:697AF15E and timestamp 2026-01-29 05:34:
Gist update failed: 403 - {"message":"API rate limit exceeded for user ID 108796659. If you reach out to GitHub Support for help, please include the request ID 9A08:3782B2:5D3FB1:6EC763:697AF169 and timestamp 2026-01-29 05:34:
Gist update failed: 403 - {"message":"API rate limit exceeded for user ID 108796659. If you reach out to GitHub Support for help, please include the request ID B626:28404C:5E2BCB:6FB433:697AF173 and timestamp 2026-01-29 05:34:
Gist update failed: 403 - {"message":"API rate limit exceeded for user ID 108796659. If you reach out to GitHub Support for help, please include the request ID B0C2:35EABC:5D7989:6EFFD0:697AF17E and timestamp 2026-01-29 05:34:
Gist update failed: 403 - {"message":"API rate limit exceeded for user ID 108796659. If you reach out to GitHub Support for help, please include the request ID D396:2D1B1:5EEBB3:70741E:697AF188 and timestamp 2026-01-29 05:35:0
Gist update failed: 403 - {"message":"API rate limit exceeded for user ID 108796659. If you reach out to GitHub Support for help, please include the request ID BF24:E15CE:5F72F6:70FFD6:697AF193 and timestamp 2026-01-29 05:35:1
Gist update failed: 403 - {"message":"API rate limit exceeded for user ID 108796659. If you reach out to GitHub Support for help, please include the request ID 9958:F4002:63904A:75A49F:697AF19D and timestamp 2026-01-29 05:35:2
Gist update failed: 403 - {"message":"API rate limit exceeded for user ID 108796659. If you reach out to GitHub Support for help, please include the request ID C172:2D1B1:5F0672:709275:697AF1A8 and timestamp 2026-01-29 05:35:3
Gist update failed: 403 - {"message":"API rate limit exceeded for user ID 108796659. If you reach out to GitHub Support for help, please include the request ID 8456:17D902:604E95:71D8DC:697AF1B2 and timestamp 2026-01-29 05:35:
Gist update failed: 403 - {"message":"API rate limit exceeded for user ID 108796659. If you reach out to GitHub Support for help, please include the request ID D8C6:3C8CF0:5DCD5A:6F6304:697AF1BD and timestamp 2026-01-29 05:35:
Gist update failed: 403 - {"message":"API rate limit exceeded for user ID 108796659. If you reach out to GitHub Support for help, please include the request ID B866:270EF:5D3B0D:6EC9EA:697AF1C7 and timestamp 2026-01-29 05:36:0
Gist update failed: 403 - {"message":"API rate limit exceeded for user ID 108796659. If you reach out to GitHub Support for help, please include the request ID A20E:3DCF20:5F64BD:70F8A6:697AF1D2 and timestamp 2026-01-29 05:36:
Gist update failed: 403 - {"message":"API rate limit exceeded for user ID 108796659. If you reach out to GitHub Support for help, please include the request ID B142:315E65:5EA779:703E86:697AF1DC and timestamp 2026-01-29 05:36:
Gist update failed: 403 - {"message":"API rate limit exceeded for user ID 108796659. If you reach out to GitHub Support for help, please include the request ID EA16:28404C:5E8FF6:70253D:697AF1E6 and timestamp 2026-01-29 05:36:
Gist update failed: 403 - {"message":"API rate limit exceeded for user ID 108796659. If you reach out to GitHub Support for help, please include the request ID 9A76:2C5A0C:5F8B41:71220A:697AF1F1 and timestamp 2026-01-29 05:36:
Gist update failed: 403 - {"message":"API rate limit exceeded for user ID 108796659. If you reach out to GitHub Support for help, please include the request ID 9CC4:35EABC:5DDA35:6F6E65:697AF1FC and timestamp 2026-01-29 05:37:
Gist update failed: 403 - {"message":"API rate limit exceeded for user ID 108796659. If you reach out to GitHub Support for help, please include the request ID B28A:103738:5D2030:6EB130:697AF207 and timestamp 2026-01-29 05:37:
Gist update failed: 403 - {"message":"API rate limit exceeded for user ID 108796659. If you reach out to GitHub Support for help, please include the request ID AFDC:6DAEE:5F407A:70DB25:697AF211 and timestamp 2026-01-29 05:37:2
Gist update failed: 403 - {"message":"API rate limit exceeded for user ID 108796659. If you reach out to GitHub Support for help, please include the request ID A1BA:E57EA:5D9820:6F2F70:697AF21B and timestamp 2026-01-29 05:37:3
Gist update failed: 403 - {"message":"API rate limit exceeded for user ID 108796659. If you reach out to GitHub Support for help, please include the request ID E0E6:3F6C5C:5D2B3B:6ECC24:697AF226 and timestamp 2026-01-29 05:37:
Gist update failed: 403 - {"message":"API rate limit exceeded for user ID 108796659. If you reach out to GitHub Support for help, please include the request ID AD50:A746E:6001B1:719D55:697AF231 and timestamp 2026-01-29 05:37:5
Gist update failed: 403 - {"message":"API rate limit exceeded for user ID 108796659. If you reach out to GitHub Support for help, please include the request ID A348:3352D3:5ECE7D:706AE7:697AF23B and timestamp 2026-01-29 05:38:
Gist update failed: 403 - {"message":"API rate limit exceeded for user ID 108796659. If you reach out to GitHub Support for help, please include the request ID 9E40:351BA5:5DFAFD:6F95E1:697AF245 and timestamp 2026-01-29 05:38:
Gist update failed: 403 - {"message":"API rate limit exceeded for user ID 108796659. If you reach out to GitHub Support for help, please include the request ID 96B0:17D902:60D7F8:727393:697AF250 and timestamp 2026-01-29 05:38:
Gist update failed: 403 - {"message":"API rate limit exceeded for user ID 108796659. If you reach out to GitHub Support for help, please include the request ID 9522:42EC9:5CF41C:6E9647:697AF25A and timestamp 2026-01-29 05:38:3
Gist update failed: 403 - {"message":"API rate limit exceeded for user ID 108796659. If you reach out to GitHub Support for help, please include the request ID E6A8:17D902:60E993:72876A:697AF264 and timestamp 2026-01-29 05:38:
Gist update failed: 403 - {"message":"API rate limit exceeded for user ID 108796659. If you reach out to GitHub Support for help, please include the request ID C778:36CF75:5E5FA3:7001E6:697AF26F and timestamp 2026-01-29 05:38:
Gist update failed: 403 - {"message":"API rate limit exceeded for user ID 108796659. If you reach out to GitHub Support for help, please include the request ID 9A06:33FF5:5E2697:6FC84F:697AF27A and timestamp 2026-01-29 05:39:0
Gist update failed: 403 - {"message":"API rate limit exceeded for user ID 108796659. If you reach out to GitHub Support for help, please include the request ID E1FA:36A525:5E83A7:702797:697AF284 and timestamp 2026-01-29 05:39:
Gist update failed: 403 - {"message":"API rate limit exceeded for user ID 108796659. If you reach out to GitHub Support for help, please include the request ID C000:1F2BC:5ED217:707707:697AF28E and timestamp 2026-01-29 05:39:2
Gist update failed: 403 - {"message":"API rate limit exceeded for user ID 108796659. If you reach out to GitHub Support for help, please include the request ID E278:28404C:5F22FC:70CC0A:697AF299 and timestamp 2026-01-29 05:39:
Gist update failed: 403 - {"message":"API rate limit exceeded for user ID 108796659. If you reach out to GitHub Support for help, please include the request ID B196:42EC9:5D2F8B:6ED9E9:697AF2A3 and timestamp 2026-01-29 05:39:4
Gist update failed: 403 - {"message":"API rate limit exceeded for user ID 108796659. If you reach out to GitHub Support for help, please include the request ID B5C6:A746E:606C02:7215B7:697AF2AE and timestamp 2026-01-29 05:39:5
Gist update failed: 403 - {"message":"API rate limit exceeded for user ID 108796659. If you reach out to GitHub Support for help, please include the request ID 89C4:302B2C:5EDB6B:7080ED:697AF2B8 and timestamp 2026-01-29 05:40:
Gist update failed: 403 - {"message":"API rate limit exceeded for user ID 108796659. If you reach out to GitHub Support for help, please include the request ID BE06:16769C:5E6F14:701D70:697AF2C2 and timestamp 2026-01-29 05:40:
Gist update failed: 403 - {"message":"API rate limit exceeded for user ID 108796659. If you reach out to GitHub Support for help, please include the request ID 99C4:F4002:6495D8:76CBB1:697AF2CD and timestamp 2026-01-29 05:40:2
Gist update failed: 403 - {"message":"API rate limit exceeded for user ID 108796659. If you reach out to GitHub Support for help, please include the request ID DDFC:399B85:5D7761:6F26E9:697AF2D7 and timestamp 2026-01-29 05:40:
Gist update failed: 403 - {"message":"API rate limit exceeded for user ID 108796659. If you reach out to GitHub Support for help, please include the request ID B5A8:36A525:5ED5C7:70840D:697AF2E1 and timestamp 2026-01-29 05:40:
Gist update failed: 403 - {"message":"API rate limit exceeded for user ID 108796659. If you reach out to GitHub Support for help, please include the request ID D654:30D597:5F70C9:7126CD:697AF2EC and timestamp 2026-01-29 05:41:
Gist update failed: 403 - {"message":"API rate limit exceeded for user ID 108796659. If you reach out to GitHub Support for help, please include the request ID DFB4:36A525:5EE7F0:709890:697AF2F6 and timestamp 2026-01-29 05:41:
Gist update failed: 403 - {"message":"API rate limit exceeded for user ID 108796659. If you reach out to GitHub Support for help, please include the request ID B0C4:1F2BC:5F3652:70E813:697AF301 and timestamp 2026-01-29 05:41:2
Gist update failed: 403 - {"message":"API rate limit exceeded for user ID 108796659. If you reach out to GitHub Support for help, please include the request ID AC0C:28404C:5F881D:713DBC:697AF30B and timestamp 2026-01-29 05:41:
Gist update failed: 403 - {"message":"API rate limit exceeded for user ID 108796659. If you reach out to GitHub Support for help, please include the request ID D924:2D1B1:603CED:71F166:697AF316 and timestamp 2026-01-29 05:41:4
Gist update failed: 403 - {"message":"API rate limit exceeded for user ID 108796659. If you reach out to GitHub Support for help, please include the request ID ED92:E57EA:5E761D:702A14:697AF320 and timestamp 2026-01-29 05:41:5
Gist update failed: 403 - {"message":"API rate limit exceeded for user ID 108796659. If you reach out to GitHub Support for help, please include the request ID A02E:3B2F6A:5EEB6E:70A22D:697AF32B and timestamp 2026-01-29 05:42:
Gist update failed: 403 - {"message":"API rate limit exceeded for user ID 108796659. If you reach out to GitHub Support for help, please include the request ID 824C:3B2F6A:5EF3DB:70ABE0:697AF335 and timestamp 2026-01-29 05:42:
Gist update failed: 403 - {"message":"API rate limit exceeded for user ID 108796659. If you reach out to GitHub Support for help, please include the request ID DC92:36309D:6347FD:7509CA:697AF33F and timestamp 2026-01-29 05:42:
Gist update failed: 403 - {"message":"API rate limit exceeded for user ID 108796659. If you reach out to GitHub Support for help, please include the request ID 9C56:BBA1D:605200:720D80:697AF34A and timestamp 2026-01-29 05:42:3
Gist update failed: 403 - {"message":"API rate limit exceeded for user ID 108796659. If you reach out to GitHub Support for help, please include the request ID DFF4:424C:641674:75D808:697AF354 and timestamp 2026-01-29 05:42:44
Gist update failed: 403 - {"message":"API rate limit exceeded for user ID 108796659. If you reach out to GitHub Support for help, please include the request ID C4DA:2A2F78:6190FA:73520B:697AF35F and timestamp 2026-01-29 05:42:
Gist update failed: 403 - {"message":"API rate limit exceeded for user ID 108796659. If you reach out to GitHub Support for help, please include the request ID A962:392816:65F2E7:77B40A:697AF369 and timestamp 2026-01-29 05:43:
Gist update failed: 403 - {"message":"API rate limit exceeded for user ID 108796659. If you reach out to GitHub Support for help, please include the request ID B212:16769C:5EFCF9:70BED5:697AF374 and timestamp 2026-01-29 05:43:
Gist update failed: 403 - {"message":"API rate limit exceeded for user ID 108796659. If you reach out to GitHub Support for help, please include the request ID 9AA0:3B2F6A:5F2E99:70EEBE:697AF37F and timestamp 2026-01-29 05:43:
Gist update failed: 403 - {"message":"API rate limit exceeded for user ID 108796659. If you reach out to GitHub Support for help, please include the request ID E4AE:9FCD2:5CF7E0:6EBAF3:697AF389 and timestamp 2026-01-29 05:43:3
Gist update failed: 403 - {"message":"API rate limit exceeded for user ID 108796659. If you reach out to GitHub Support for help, please include the request ID 8D7A:E15CE:6123F6:72E9C3:697AF393 and timestamp 2026-01-29 05:43:4
Gist update failed: 403 - {"message":"API rate limit exceeded for user ID 108796659. If you reach out to GitHub Support for help, please include the request ID 8A8A:36309D:63986C:7564AC:697AF39E and timestamp 2026-01-29 05:43:
Gist update failed: 403 - {"message":"API rate limit exceeded for user ID 108796659. If you reach out to GitHub Support for help, please include the request ID A6E4:270EF:5EBCD6:7080DB:697AF3A8 and timestamp 2026-01-29 05:44:0
Gist update failed: 403 - {"message":"API rate limit exceeded for user ID 108796659. If you reach out to GitHub Support for help, please include the request ID D484:17D902:620894:73CB87:697AF3B2 and timestamp 2026-01-29 05:44:
Gist update failed: 403 - {"message":"API rate limit exceeded for user ID 108796659. If you reach out to GitHub Support for help, please include the request ID D9D2:36CF75:5F697A:7130D8:697AF3BD and timestamp 2026-01-29 05:44:
Gist update failed: 403 - {"message":"API rate limit exceeded for user ID 108796659. If you reach out to GitHub Support for help, please include the request ID E7B8:3352D3:600FBE:71D852:697AF3C7 and timestamp 2026-01-29 05:44:
Gist update failed: 403 - {"message":"API rate limit exceeded for user ID 108796659. If you reach out to GitHub Support for help, please include the request ID CACC:30D597:6033B7:72031B:697AF3D2 and timestamp 2026-01-29 05:44:
Gist update failed: 403 - {"message":"API rate limit exceeded for user ID 108796659. If you reach out to GitHub Support for help, please include the request ID 9B52:42EC9:5E2F67:6FFC95:697AF3DC and timestamp 2026-01-29 05:45:0
Gist update failed: 403 - {"message":"API rate limit exceeded for user ID 108796659. If you reach out to GitHub Support for help, please include the request ID E6A2:330B14:5EA2F0:707114:697AF3E6 and timestamp 2026-01-29 05:45:
Gist update failed: 403 - {"message":"API rate limit exceeded for user ID 108796659. If you reach out to GitHub Support for help, please include the request ID E558:7AEAD:5FCBEE:7199FE:697AF3F1 and timestamp 2026-01-29 05:45:2
Gist update failed: 403 - {"message":"API rate limit exceeded for user ID 108796659. If you reach out to GitHub Support for help, please include the request ID 8038:3F6C5C:5EAA9A:707FC0:697AF3FB and timestamp 2026-01-29 05:45:
Gist update failed: 403 - {"message":"API rate limit exceeded for user ID 108796659. If you reach out to GitHub Support for help, please include the request ID C974:E15CE:61829D:7354F7:697AF405 and timestamp 2026-01-29 05:45:4
Gist update failed: 403 - {"message":"API rate limit exceeded for user ID 108796659. If you reach out to GitHub Support for help, please include the request ID B0B6:33FF5:5F6ECC:713D9C:697AF410 and timestamp 2026-01-29 05:45:5
Gist update failed: 403 - {"message":"API rate limit exceeded for user ID 108796659. If you reach out to GitHub Support for help, please include the request ID E76A:36CF75:5FB332:7184E2:697AF41A and timestamp 2026-01-29 05:46:
Gist update failed: 403 - {"message":"API rate limit exceeded for user ID 108796659. If you reach out to GitHub Support for help, please include the request ID E1DA:7AEAD:5FF5CA:71C982:697AF425 and timestamp 2026-01-29 05:46:1
Gist update failed: 403 - {"message":"API rate limit exceeded for user ID 108796659. If you reach out to GitHub Support for help, please include the request ID B9EC:F4002:65CA27:782725:697AF42F and timestamp 2026-01-29 05:46:2
Gist update failed: 403 - {"message":"API rate limit exceeded for user ID 108796659. If you reach out to GitHub Support for help, please include the request ID AD88:EAAB:5F0E8D:70DE29:697AF439 and timestamp 2026-01-29 05:46:34
Gist update failed: 403 - {"message":"API rate limit exceeded for user ID 108796659. If you reach out to GitHub Support for help, please include the request ID 81DC:F4002:65DC18:783B85:697AF444 and timestamp 2026-01-29 05:46:4
Gist update failed: 403 - {"message":"API rate limit exceeded for user ID 108796659. If you reach out to GitHub Support for help, please include the request ID D3F4:E9C9A:60A711:7281FC:697AF44E and timestamp 2026-01-29 05:46:5
Gist update failed: 403 - {"message":"API rate limit exceeded for user ID 108796659. If you reach out to GitHub Support for help, please include the request ID B724:42EC9:5E96D6:7071D8:697AF459 and timestamp 2026-01-29 05:47:0
Gist update failed: 403 - {"message":"API rate limit exceeded for user ID 108796659. If you reach out to GitHub Support for help, please include the request ID B076:36309D:644362:7625B9:697AF464 and timestamp 2026-01-29 05:47:
Gist update failed: 403 - {"message":"API rate limit exceeded for user ID 108796659. If you reach out to GitHub Support for help, please include the request ID 893C:D0F72:60BDC9:7293D9:697AF46E and timestamp 2026-01-29 05:47:2
Gist update failed: 403 - {"message":"API rate limit exceeded for user ID 108796659. If you reach out to GitHub Support for help, please include the request ID 8FFA:38BA36:5EEBD1:70C6D9:697AF478 and timestamp 2026-01-29 05:47:
Gist update failed: 403 - {"message":"API rate limit exceeded for user ID 108796659. If you reach out to GitHub Support for help, please include the request ID 9B50:2D1B1:616A7D:73473B:697AF483 and timestamp 2026-01-29 05:47:4
Gist update failed: 403 - {"message":"API rate limit exceeded for user ID 108796659. If you reach out to GitHub Support for help, please include the request ID D7EC:2D1B1:6172A8:735072:697AF48D and timestamp 2026-01-29 05:47:5
Gist update failed: 403 - {"message":"API rate limit exceeded for user ID 108796659. If you reach out to GitHub Support for help, please include the request ID 90BC:3B2F6A:600D72:71ECB4:697AF498 and timestamp 2026-01-29 05:48:
Gist update failed: 403 - {"message":"API rate limit exceeded for user ID 108796659. If you reach out to GitHub Support for help, please include the request ID B960:E15CE:620812:73EBB0:697AF4A2 and timestamp 2026-01-29 05:48:1
Gist update failed: 403 - {"message":"API rate limit exceeded for user ID 108796659. If you reach out to GitHub Support for help, please include the request ID A4F2:103738:5F5E0C:7139E5:697AF4AC and timestamp 2026-01-29 05:48:
Gist update failed: 403 - {"message":"API rate limit exceeded for user ID 108796659. If you reach out to GitHub Support for help, please include the request ID C5AA:F4002:663F6C:78AB65:697AF4B7 and timestamp 2026-01-29 05:48:3
Gist update failed: 403 - {"message":"API rate limit exceeded for user ID 108796659. If you reach out to GitHub Support for help, please include the request ID B882:3B2F6A:602E45:72120F:697AF4C1 and timestamp 2026-01-29 05:48:
Gist update failed: 403 - {"message":"API rate limit exceeded for user ID 108796659. If you reach out to GitHub Support for help, please include the request ID B01E:BBA1D:619130:73774E:697AF4CC and timestamp 2026-01-29 05:49:0
Gist update failed: 403 - {"message":"API rate limit exceeded for user ID 108796659. If you reach out to GitHub Support for help, please include the request ID C6BA:36309D:64A4F4:7693BA:697AF4D6 and timestamp 2026-01-29 05:49:
[2026-01-29 13:49:20] Updated Gist with 5 hosts
[2026-01-29 13:49:31] Updated Gist with 5 hosts
[2026-01-29 13:49:42] Updated Gist with 5 hosts
[2026-01-29 13:49:53] Updated Gist with 5 hosts
[2026-01-29 13:50:04] Updated Gist with 5 hosts
[2026-01-29 13:50:15] Updated Gist with 5 hosts
[2026-01-29 13:50:26] Updated Gist with 5 hosts
[2026-01-29 13:50:37] Updated Gist with 5 hosts
[2026-01-29 13:50:49] Updated Gist with 5 hosts
[2026-01-29 13:51:00] Updated Gist with 5 hosts
[2026-01-29 13:51:11] Updated Gist with 5 hosts
[2026-01-29 13:51:22] Updated Gist with 5 hosts
[2026-01-29 13:51:32] Updated Gist with 5 hosts
[2026-01-29 13:51:44] Updated Gist with 5 hosts
[2026-01-29 13:51:55] Updated Gist with 5 hosts
[2026-01-29 13:52:06] Updated Gist with 5 hosts
[2026-01-29 13:52:17] Updated Gist with 5 hosts
[2026-01-29 13:52:28] Updated Gist with 5 hosts
[2026-01-29 13:52:39] Updated Gist with 5 hosts
[2026-01-29 13:52:50] Updated Gist with 5 hosts
[2026-01-29 13:53:01] Updated Gist with 5 hosts
[2026-01-29 13:53:12] Updated Gist with 5 hosts
[2026-01-29 13:53:23] Updated Gist with 5 hosts
[2026-01-29 13:53:34] Updated Gist with 5 hosts
[2026-01-29 13:53:46] Updated Gist with 5 hosts
[2026-01-29 13:53:57] Updated Gist with 5 hosts
[2026-01-29 13:54:08] Updated Gist with 5 hosts
[2026-01-29 13:54:19] Updated Gist with 5 hosts
[2026-01-29 13:54:30] Updated Gist with 5 hosts
[2026-01-29 13:54:41] Updated Gist with 5 hosts
[2026-01-29 13:54:52] Updated Gist with 5 hosts
[2026-01-29 13:55:03] Updated Gist with 5 hosts
[2026-01-29 13:55:14] Updated Gist with 5 hosts
[2026-01-29 13:55:25] Updated Gist with 5 hosts
[2026-01-29 13:55:36] Updated Gist with 5 hosts
[2026-01-29 13:55:47] Updated Gist with 5 hosts
[2026-01-29 13:55:58] Updated Gist with 5 hosts
[2026-01-29 13:56:09] Updated Gist with 5 hosts
[2026-01-29 13:56:20] Updated Gist with 5 hosts
[2026-01-29 13:56:31] Updated Gist with 5 hosts
[2026-01-29 13:56:42] Updated Gist with 5 hosts
[2026-01-29 13:56:53] Updated Gist with 5 hosts
[2026-01-29 13:57:04] Updated Gist with 5 hosts
[2026-01-29 13:57:15] Updated Gist with 5 hosts
[2026-01-29 13:57:26] Updated Gist with 5 hosts
[2026-01-29 13:57:37] Updated Gist with 5 hosts
[2026-01-29 13:57:48] Updated Gist with 5 hosts
[2026-01-29 13:57:59] Updated Gist with 5 hosts
[2026-01-29 13:58:11] Updated Gist with 5 hosts
[2026-01-29 13:58:22] Updated Gist with 5 hosts
[2026-01-29 13:58:33] Updated Gist with 5 hosts
[2026-01-29 13:58:44] Updated Gist with 5 hosts
[2026-01-29 13:58:55] Updated Gist with 5 hosts
[2026-01-29 13:59:06] Updated Gist with 5 hosts
[2026-01-29 13:59:17] Updated Gist with 5 hosts
[2026-01-29 13:59:28] Updated Gist with 5 hosts
[2026-01-29 13:59:39] Updated Gist with 5 hosts
[2026-01-29 13:59:50] Updated Gist with 5 hosts
[2026-01-29 14:00:01] Updated Gist with 5 hosts
[2026-01-29 14:00:12] Updated Gist with 5 hosts
[2026-01-29 14:00:24] Updated Gist with 5 hosts
[2026-01-29 14:00:35] Updated Gist with 5 hosts
[2026-01-29 14:00:46] Updated Gist with 5 hosts
[2026-01-29 14:00:57] Updated Gist with 5 hosts
[2026-01-29 14:01:07] Updated Gist with 5 hosts
[2026-01-29 14:01:19] Updated Gist with 5 hosts
[2026-01-29 14:01:30] Updated Gist with 5 hosts
[2026-01-29 14:01:41] Updated Gist with 5 hosts
[2026-01-29 14:01:52] Updated Gist with 5 hosts
[2026-01-29 14:02:03] Updated Gist with 5 hosts
[2026-01-29 14:02:14] Updated Gist with 5 hosts
[2026-01-29 14:02:25] Updated Gist with 5 hosts
[2026-01-29 14:02:36] Updated Gist with 5 hosts
[2026-01-29 14:02:47] Updated Gist with 5 hosts
[2026-01-29 14:02:59] Updated Gist with 5 hosts
[2026-01-29 14:03:10] Updated Gist with 5 hosts
[2026-01-29 14:03:21] Updated Gist with 5 hosts
[2026-01-29 14:03:32] Updated Gist with 5 hosts
[2026-01-29 14:03:43] Updated Gist with 5 hosts
[2026-01-29 14:03:54] Updated Gist with 5 hosts
[2026-01-29 14:04:05] Updated Gist with 5 hosts
[2026-01-29 14:04:16] Updated Gist with 5 hosts
[2026-01-29 14:04:27] Updated Gist with 5 hosts
[2026-01-29 14:04:38] Updated Gist with 5 hosts
[2026-01-29 14:04:49] Updated Gist with 5 hosts
[2026-01-29 14:05:00] Updated Gist with 5 hosts
[2026-01-29 14:05:11] Updated Gist with 5 hosts
[2026-01-29 14:05:22] Updated Gist with 5 hosts
[2026-01-29 14:05:33] Updated Gist with 5 hosts
[2026-01-29 14:05:44] Updated Gist with 5 hosts
[2026-01-29 14:05:55] Updated Gist with 5 hosts
[2026-01-29 14:06:06] Updated Gist with 5 hosts
[2026-01-29 14:06:17] Updated Gist with 5 hosts
[2026-01-29 14:06:28] Updated Gist with 5 hosts
[2026-01-29 14:06:39] Updated Gist with 5 hosts
[2026-01-29 14:06:50] Updated Gist with 5 hosts
[2026-01-29 14:07:01] Updated Gist with 5 hosts
[2026-01-29 14:07:12] Updated Gist with 5 hosts
[2026-01-29 14:07:23] Updated Gist with 5 hosts
[2026-01-29 14:07:34] Updated Gist with 5 hosts
Gist update failed: 403 - {"message":"API rate limit exceeded for user ID 108796659. If you reach out to GitHub Support for help, please include the request ID B646:3782B2:63ADE5:761038:697AF931 and timestamp 2026-01-29 06:07:
Gist update failed: 403 - {"message":"API rate limit exceeded for user ID 108796659. If you reach out to GitHub Support for help, please include the request ID A046:3437FE:69E43C:7C4A21:697AF93C and timestamp 2026-01-29 06:07:
Gist update failed: 403 - {"message":"API rate limit exceeded for user ID 108796659. If you reach out to GitHub Support for help, please include the request ID E038:30D597:650637:776EC2:697AF946 and timestamp 2026-01-29 06:08:
Gist update failed: 403 - {"message":"API rate limit exceeded for user ID 108796659. If you reach out to GitHub Support for help, please include the request ID D3B4:13CB0B:639AFE:75FF59:697AF950 and timestamp 2026-01-29 06:08:
Gist update failed: 403 - {"message":"API rate limit exceeded for user ID 108796659. If you reach out to GitHub Support for help, please include the request ID B8A8:30D597:65193C:77841D:697AF95B and timestamp 2026-01-29 06:08:
Gist update failed: 403 - {"message":"API rate limit exceeded for user ID 108796659. If you reach out to GitHub Support for help, please include the request ID E392:13CB0B:63AD2B:7613AC:697AF966 and timestamp 2026-01-29 06:08:
Gist update failed: 403 - {"message":"API rate limit exceeded for user ID 108796659. If you reach out to GitHub Support for help, please include the request ID B524:A746E:665CC8:78C433:697AF970 and timestamp 2026-01-29 06:08:4
Gist update failed: 403 - {"message":"API rate limit exceeded for user ID 108796659. If you reach out to GitHub Support for help, please include the request ID C882:351BA5:64155C:767AF1:697AF97B and timestamp 2026-01-29 06:09:
Gist update failed: 403 - {"message":"API rate limit exceeded for user ID 108796659. If you reach out to GitHub Support for help, please include the request ID 8E1C:BBA1D:65A28D:780CA3:697AF986 and timestamp 2026-01-29 06:09:1
Gist update failed: 403 - {"message":"API rate limit exceeded for user ID 108796659. If you reach out to GitHub Support for help, please include the request ID 9F04:2D1B1:65E465:784E73:697AF990 and timestamp 2026-01-29 06:09:2
Gist update failed: 403 - {"message":"API rate limit exceeded for user ID 108796659. If you reach out to GitHub Support for help, please include the request ID A828:30D597:655360:77C4F9:697AF99B and timestamp 2026-01-29 06:09:
